This is pdfTeX, Version 3.1415926-1.40.10 (TeX Live 2009/Debian) (format=pdflatex 2011.8.2)  22 NOV 2011 17:31
entering extended mode
 %&-line parsing enabled.
**artifacts_paper
(./artifacts_paper.tex
LaTeX2e <2009/09/24>
Babel <v3.8l> and hyphenation patterns for english, usenglishmax, dumylang, noh
yphenation, loaded.
(/usr/share/texmf-texlive/tex/latex/base/article.cls
Document Class: article 2007/10/19 v1.4h Standard LaTeX document class
(/usr/share/texmf-texlive/tex/latex/base/size11.clo
File: size11.clo 2007/10/19 v1.4h Standard LaTeX file (size option)
)
\c@part=\count79
\c@section=\count80
\c@subsection=\count81
\c@subsubsection=\count82
\c@paragraph=\count83
\c@subparagraph=\count84
\c@figure=\count85
\c@table=\count86
\abovecaptionskip=\skip41
\belowcaptionskip=\skip42
\bibindent=\dimen102
)
(/usr/share/texmf-texlive/tex/latex/geometry/geometry.sty
Package: geometry 2008/12/21 v4.2 Page Geometry

(/usr/share/texmf-texlive/tex/latex/graphics/keyval.sty
Package: keyval 1999/03/16 v1.13 key=value parser (DPC)
\KV@toks@=\toks14
)
(/usr/share/texmf-texlive/tex/generic/oberdiek/ifpdf.sty
Package: ifpdf 2009/04/10 v2.0 Provides the ifpdf switch (HO)
Package ifpdf Info: pdfTeX in pdf mode detected.
)
(/usr/share/texmf-texlive/tex/generic/oberdiek/ifvtex.sty
Package: ifvtex 2008/11/04 v1.4 Switches for detecting VTeX and its modes (HO)
Package ifvtex Info: VTeX not detected.
)
\Gm@cnth=\count87
\Gm@cntv=\count88
\c@Gm@tempcnt=\count89
\Gm@bindingoffset=\dimen103
\Gm@wd@mp=\dimen104
\Gm@odd@mp=\dimen105
\Gm@even@mp=\dimen106
\Gm@dimlist=\toks15
)
(/usr/share/texmf-texlive/tex/latex/graphics/graphicx.sty
Package: graphicx 1999/02/16 v1.0f Enhanced LaTeX Graphics (DPC,SPQR)

(/usr/share/texmf-texlive/tex/latex/graphics/graphics.sty
Package: graphics 2009/02/05 v1.0o Standard LaTeX Graphics (DPC,SPQR)

(/usr/share/texmf-texlive/tex/latex/graphics/trig.sty
Package: trig 1999/03/16 v1.09 sin cos tan (DPC)
)
(/etc/texmf/tex/latex/config/graphics.cfg
File: graphics.cfg 2009/08/28 v1.8 graphics configuration of TeX Live
)
Package graphics Info: Driver file: pdftex.def on input line 91.

(/usr/share/texmf-texlive/tex/latex/pdftex-def/pdftex.def
File: pdftex.def 2010/03/12 v0.04p Graphics/color for pdfTeX
\Gread@gobject=\count90
))
\Gin@req@height=\dimen107
\Gin@req@width=\dimen108
)
(/usr/share/texmf-texlive/tex/latex/tools/array.sty
Package: array 2008/09/09 v2.4c Tabular extension package (FMi)
\col@sep=\dimen109
\extrarowheight=\dimen110
\NC@list=\toks16
\extratabsurround=\skip43
\backup@length=\skip44
)
(/usr/share/texmf-texlive/tex/latex/tools/verbatim.sty
Package: verbatim 2003/08/22 v1.5q LaTeX2e package for verbatim enhancements
\every@verbatim=\toks17
\verbatim@line=\toks18
\verbatim@in@stream=\read1
)
(/usr/share/texmf-texlive/tex/latex/fancyhdr/fancyhdr.sty
\fancy@headwidth=\skip45
\f@ncyO@elh=\skip46
\f@ncyO@erh=\skip47
\f@ncyO@olh=\skip48
\f@ncyO@orh=\skip49
\f@ncyO@elf=\skip50
\f@ncyO@erf=\skip51
\f@ncyO@olf=\skip52
\f@ncyO@orf=\skip53
)
(/usr/share/texmf-texlive/tex/latex/base/inputenc.sty
Package: inputenc 2008/03/30 v1.1d Input encoding file
\inpenc@prehook=\toks19
\inpenc@posthook=\toks20

(/usr/share/texmf-texlive/tex/latex/base/latin9.def
File: latin9.def 2008/03/30 v1.1d Input encoding file
)) (./setspace.sty
Package: setspace 2000/12/01 6.7 Contributed and Supported LaTeX2e package

Package: `setspace' 6.7 <2000/12/01>
) (/usr/share/texmf-texlive/tex/generic/babel/babel.sty
Package: babel 2008/07/06 v3.8l The Babel package

(/usr/share/texmf-texlive/tex/generic/babel/english.ldf
Language: english 2005/03/30 v3.3o English support from the babel system

(/usr/share/texmf-texlive/tex/generic/babel/babel.def
File: babel.def 2008/07/06 v3.8l Babel common definitions
\babel@savecnt=\count91
\U@D=\dimen111
)
\l@british = a dialect from \language\l@english 
\l@UKenglish = a dialect from \language\l@english 
\l@canadian = a dialect from \language\l@american 
\l@australian = a dialect from \language\l@british 
\l@newzealand = a dialect from \language\l@british 
)) (./artifacts_paper.aux)
\openout1 = `artifacts_paper.aux'.

LaTeX Font Info:    Checking defaults for OML/cmm/m/it on input line 59.
LaTeX Font Info:    ... okay on input line 59.
LaTeX Font Info:    Checking defaults for T1/cmr/m/n on input line 59.
LaTeX Font Info:    ... okay on input line 59.
LaTeX Font Info:    Checking defaults for OT1/cmr/m/n on input line 59.
LaTeX Font Info:    ... okay on input line 59.
LaTeX Font Info:    Checking defaults for OMS/cmsy/m/n on input line 59.
LaTeX Font Info:    ... okay on input line 59.
LaTeX Font Info:    Checking defaults for OMX/cmex/m/n on input line 59.
LaTeX Font Info:    ... okay on input line 59.
LaTeX Font Info:    Checking defaults for U/cmr/m/n on input line 59.
LaTeX Font Info:    ... okay on input line 59.

*geometry auto-detecting driver*
*geometry detected driver: pdftex*
-------------------- Geometry parameters
paper: a4paper
landscape: --
twocolumn: --
twoside: --
asymmetric: --
h-parts: 72.26999pt, 452.9679pt, 72.26999pt
v-parts: 72.26999pt, 700.50687pt, 72.26999pt
hmarginratio: --
vmarginratio: --
lines: --
heightrounded: --
bindingoffset: 0.0pt
truedimen: --
includehead: --
includefoot: --
includemp: --
driver: pdftex
-------------------- Page layout dimensions and switches
\paperwidth  597.50787pt
\paperheight 845.04684pt
\textwidth  452.9679pt
\textheight 700.50687pt
\oddsidemargin  0.0pt
\evensidemargin 0.0pt
\topmargin  -37.0pt
\headheight 12.0pt
\headsep    25.0pt
\footskip   30.0pt
\marginparwidth 59.0pt
\marginparsep   10.0pt
\columnsep  10.0pt
\skip\footins  10.0pt plus 4.0pt minus 2.0pt
\hoffset 0.0pt
\voffset 0.0pt
\mag 1000

(1in=72.27pt, 1cm=28.45pt)
-----------------------
(/usr/share/texmf-texlive/tex/context/base/supp-pdf.mkii
[Loading MPS to PDF converter (version 2006.09.02).]
\scratchcounter=\count92
\scratchdimen=\dimen112
\scratchbox=\box26
\nofMPsegments=\count93
\nofMParguments=\count94
\everyMPshowfont=\toks21
\MPscratchCnt=\count95
\MPscratchDim=\dimen113
\MPnumerator=\count96
\everyMPtoPDFconversion=\toks22
)
LaTeX Font Info:    External font `cmex10' loaded for size
(Font)              <12> on input line 63.
LaTeX Font Info:    External font `cmex10' loaded for size
(Font)              <8> on input line 63.
LaTeX Font Info:    External font `cmex10' loaded for size
(Font)              <6> on input line 63.
 [1

{/var/lib/texmf/fonts/map/pdftex/updmap/pdftex.map}]
Overfull \hbox (3.8606pt too wide) in paragraph at lines 76--79
\OT1/cmr/m/n/10.95 metagenomes Par-tic-u-lary in high com-plex-ity datasets, we
 need to un-der-stand the pres-ence/effects
 []

[2] [3] <./figures/lump_sizes.png, id=16, 578.16pt x 433.62pt>
File: ./figures/lump_sizes.png Graphic file (type png)

<use ./figures/lump_sizes.png>
<./figures/lump_table.pdf, id=18, 794.97pt x 614.295pt>
File: ./figures/lump_table.pdf Graphic file (type pdf)

<use ./figures/lump_table.pdf> [4] [5 <./figures/lump_sizes.png> <./figures/lum
p_table.pdf>] <./figures/pos-spec-bias.png, id=46, 578.16pt x 433.62pt>
File: ./figures/pos-spec-bias.png Graphic file (type png)

<use ./figures/pos-spec-bias.png> [6]
<./figures/assembly_comparison.pdf, id=50, 794.97pt x 614.295pt>
File: ./figures/assembly_comparison.pdf Graphic file (type pdf)

<use ./figures/assembly_comparison.pdf> [7 <./figures/pos-spec-bias.png>]
<./figures/knot_enrichment_in_reads.pdf, id=56, 794.97pt x 614.295pt>
File: ./figures/knot_enrichment_in_reads.pdf Graphic file (type pdf)

<use ./figures/knot_enrichment_in_reads.pdf> [8 <./figures/assembly_comparison.
pdf>] [9 <./figures/knot_enrichment_in_reads.pdf>]
<./figures/pos-spec-bias-contigs.png, id=97, 578.16pt x 433.62pt>
File: ./figures/pos-spec-bias-contigs.png Graphic file (type png)

<use ./figures/pos-spec-bias-contigs.png> [10 <./figures/pos-spec-bias-contigs.
png>] [11] <./figures/temp-orfs.png, id=105, 635.976pt x 107.4414pt>
File: ./figures/temp-orfs.png Graphic file (type png)

<use ./figures/temp-orfs.png> [12 <./figures/temp-orfs.png>] [13] [14] [15]
(./artifacts_paper.bbl [16] [17]) [18] (./artifacts_paper.aux) ) 
Here is how much of TeX's memory you used:
 1931 strings out of 495061
 25588 string characters out of 1182622
 84962 words of memory out of 3000000
 5107 multiletter control sequences out of 15000+50000
 8233 words of font info for 29 fonts, out of 3000000 for 9000
 28 hyphenation exceptions out of 8191
 25i,11n,43p,1657b,294s stack positions out of 5000i,500n,10000p,200000b,50000s
</usr/share/tex
mf-texlive/fonts/type1/public/amsfonts/cm/cmbx12.pfb></usr/share/texmf-texlive/
fonts/type1/public/amsfonts/cm/cmr10.pfb></usr/share/texmf-texlive/fonts/type1/
public/amsfonts/cm/cmr12.pfb></usr/share/texmf-texlive/fonts/type1/public/amsfo
nts/cm/cmr17.pfb></usr/share/texmf-texlive/fonts/type1/public/amsfonts/cm/cmti1
0.pfb>
Output written on artifacts_paper.pdf (18 pages, 634955 bytes).
PDF statistics:
 146 PDF objects out of 1000 (max. 8388607)
 0 named destinations out of 1000 (max. 500000)
 36 words of extra memory for PDF output out of 10000 (max. 10000000)

